<?xml version="1.0" encoding="UTF-8"?>
<!-- Generated by org.testng.reporters.JUnitReportReporter -->
<testsuite hostname="LAPTOP-O6NNHE2Q" name="runners.Runner" tests="1" failures="0" timestamp="4 Aug 2020 13:49:25 GMT" time="156.558" errors="0">
  <testcase name="feature" time="156.558" classname="runners.Runner"/>
</testsuite> <!-- runners.Runner -->
